#
# A fatal error has been detected by the Java Runtime Environment:
#
#  EXCEPTION_ACCESS_VIOLATION (0xc0000005) at pc=0x000000006b386736, pid=12092, tid=0x0000000000003b68
#
# JRE version: Java(TM) SE Runtime Environment (8.0_261-b12) (build 1.8.0_261-b12)
# Java VM: Java HotSpot(TM) 64-Bit Server VM (25.261-b12 mixed mode windows-amd64 compressed oops)
# Problematic frame:
# V  [jvm.dll+0x96736]
#
# Failed to write core dump. Minidumps are not enabled by default on client versions of Windows
#
# If you would like to submit a bug report, please visit:
#   http://bugreport.java.com/bugreport/crash.jsp
#

---------------  T H R E A D  ---------------

Current thread (0x0000014b7c7a5000):  JavaThread "JavaFX Application Thread" [_thread_in_vm, id=15208, stack(0x0000002761700000,0x0000002761800000)]

siginfo: ExceptionCode=0xc0000005, reading address 0xffffffffffffffff

Registers:
RAX=0x0800000000000000, RBX=0x00000027617fbe08, RCX=0x0000000000000010, RDX=0x0000000000000011
RSP=0x00000027617fb950, RBP=0x0000014b7c7a5000, RSI=0x00000027617fbb68, RDI=0x0000014b06f48c28
R8 =0x0000000000000010, R9 =0x0000000000000011, R10=0x0000014b7c4b9100, R11=0x0000000000000000
R12=0x00000027617fc7d0, R13=0x0000014b7c7a5000, R14=0x0000014b7c7a5000, R15=0x0000000000000000
RIP=0x000000006b386736, EFLAGS=0x0000000000010206

Top of Stack: (sp=0x00000027617fb950)
0x00000027617fb950:   0000014b06f487c0 00000027617fbb68
0x00000027617fb960:   0000000000000001 00000027617fc850
0x00000027617fb970:   0000000000000000 0000000000000001
0x00000027617fb980:   0000014b0650c130 000000006b38df21
0x00000027617fb990:   0000014b06f487c0 0000000000000003
0x00000027617fb9a0:   00000027617fba90 0000000000000001
0x00000027617fb9b0:   0000002700000003 0000014b7c7a5000
0x00000027617fb9c0:   0000014b7c7a5000 00000027617fc188
0x00000027617fb9d0:   00000027617fbb58 0000014b7c7a5000
0x00000027617fb9e0:   0000000100000000 0000000000000000
0x00000027617fb9f0:   0000000100000001 00000027617fcd00
0x00000027617fba00:   0000014b0650c0a0 0000014b0650c0b0
0x00000027617fba10:   00000027617fc7d0 0000014b06f487c0
0x00000027617fba20:   0000014b7c7a5000 0000014b7c7a5000
0x00000027617fba30:   00000027617fcda0 00000027617fcda4
0x00000027617fba40:   0000014b79b08298 0000014b7c7a5000 

Instructions: (pc=0x000000006b386736)
0x000000006b386716:   8b 0a 41 3b d1 7c e4 41 8d 41 ff 41 89 02 eb 04
0x000000006b386726:   4c 89 7e 08 48 8b 5e 18 48 8b 03 48 85 c0 74 09
0x000000006b386736:   8b 00 ff c8 39 43 08 7c 15 49 8b d6 48 8d 0d c7
0x000000006b386746:   59 52 00 e8 72 f0 fc ff 4d 39 7e 08 75 25 48 63 


Register to memory mapping:

RAX=0x0800000000000000 is an unknown value
RBX=0x00000027617fbe08 is pointing into the stack for thread: 0x0000014b7c7a5000
RCX=0x0000000000000010 is an unknown value
RDX=0x0000000000000011 is an unknown value
RSP=0x00000027617fb950 is pointing into the stack for thread: 0x0000014b7c7a5000
RBP=0x0000014b7c7a5000 is a thread
RSI=0x00000027617fbb68 is pointing into the stack for thread: 0x0000014b7c7a5000
RDI={method} {0x0000014b06f48c30} 'getName' '()Ljava/lang/String;' in 'javafx/scene/Node$8'
R8 =0x0000000000000010 is an unknown value
R9 =0x0000000000000011 is an unknown value
R10=0x0000014b7c4b9100 is an unknown value
R11=0x0000000000000000 is an unknown value
R12=0x00000027617fc7d0 is pointing into the stack for thread: 0x0000014b7c7a5000
R13=0x0000014b7c7a5000 is a thread
R14=0x0000014b7c7a5000 is a thread
R15=0x0000000000000000 is an unknown value


Stack: [0x0000002761700000,0x0000002761800000],  sp=0x00000027617fb950,  free space=1006k
Native frames: (J=compiled Java code, j=interpreted, Vv=VM code, C=native code)
V  [jvm.dll+0x96736]
V  [jvm.dll+0x9df21]
V  [jvm.dll+0x9a2d8]
V  [jvm.dll+0x121372]
V  [jvm.dll+0x12048a]
V  [jvm.dll+0x120425]
V  [jvm.dll+0xce83f]
C  0x0000014b607f847c

Java frames: (J=compiled Java code, j=interpreted, Vv=VM code)
j  javafx.scene.Node.disabledPropertyImpl()Ljavafx/beans/property/ReadOnlyBooleanWrapper;+8
j  javafx.scene.Node.setDisabled(Z)V+1
j  javafx.scene.Node.updateDisabled()V+51
j  javafx.scene.Node.access$500(Ljavafx/scene/Node;)V+1
j  javafx.scene.Node$1.invalidated()V+88
j  javafx.beans.property.ObjectPropertyBase.markInvalid()V+13
j  javafx.beans.property.ObjectPropertyBase.set(Ljava/lang/Object;)V+106
j  javafx.scene.Node.setParent(Ljavafx/scene/Parent;)V+5
j  javafx.scene.Parent$1.onChanged(Ljavafx/collections/ListChangeListener$Change;)V+311
j  com.sun.javafx.collections.TrackableObservableList.lambda$new$0(Ljavafx/collections/ListChangeListener$Change;)V+2
j  com.sun.javafx.collections.TrackableObservableList$$Lambda$144.onChanged(Ljavafx/collections/ListChangeListener$Change;)V+5
j  com.sun.javafx.collections.ListListenerHelper$Generic.fireValueChangedEvent(Ljavafx/collections/ListChangeListener$Change;)V+96
j  com.sun.javafx.collections.ListListenerHelper.fireValueChangedEvent(Lcom/sun/javafx/collections/ListListenerHelper;Ljavafx/collections/ListChangeListener$Change;)V+10
j  javafx.collections.ObservableListBase.fireChange(Ljavafx/collections/ListChangeListener$Change;)V+5
j  javafx.collections.ListChangeBuilder.commit()V+167
j  javafx.collections.ListChangeBuilder.endChange()V+28
j  javafx.collections.ObservableListBase.endChange()V+4
j  javafx.collections.ModifiableObservableListBase.add(ILjava/lang/Object;)V+29
j  java.util.AbstractList.add(Ljava/lang/Object;)Z+6
j  com.sun.javafx.collections.VetoableListDecorator.add(Ljava/lang/Object;)Z+40
j  javafx.fxml.FXMLLoader$Element.add(Ljava/lang/Object;)V+96
j  javafx.fxml.FXMLLoader$PropertyElement.add(Ljava/lang/Object;)V+36
j  javafx.fxml.FXMLLoader$ValueElement.processEndElement()V+176
j  javafx.fxml.FXMLLoader.processEndElement()V+4
j  javafx.fxml.FXMLLoader.loadImpl(Ljava/io/InputStream;Ljava/lang/Class;)Ljava/lang/Object;+210
j  javafx.fxml.FXMLLoader.loadImpl(Ljava/lang/Class;)Ljava/lang/Object;+30
j  javafx.fxml.FXMLLoader.loadImpl(Ljava/net/URL;Ljava/util/ResourceBundle;Ljavafx/util/BuilderFactory;Ljavafx/util/Callback;Ljava/nio/charset/Charset;Ljava/lang/Class;)Ljava/lang/Object;+34
j  javafx.fxml.FXMLLoader.loadImpl(Ljava/net/URL;Ljava/util/ResourceBundle;Ljavafx/util/BuilderFactory;Ljavafx/util/Callback;Ljava/lang/Class;)Ljava/lang/Object;+11
j  javafx.fxml.FXMLLoader.loadImpl(Ljava/net/URL;Ljava/util/ResourceBundle;Ljavafx/util/BuilderFactory;Ljava/lang/Class;)Ljava/lang/Object;+5
j  javafx.fxml.FXMLLoader.loadImpl(Ljava/net/URL;Ljava/util/ResourceBundle;Ljava/lang/Class;)Ljava/lang/Object;+4
j  javafx.fxml.FXMLLoader.loadImpl(Ljava/net/URL;Ljava/lang/Class;)Ljava/lang/Object;+3
j  javafx.fxml.FXMLLoader.load(Ljava/net/URL;)Ljava/lang/Object;+14
j  org.fsb.municipalite.App.start(Ljavafx/stage/Stage;)V+9
j  com.sun.javafx.application.LauncherImpl.lambda$launchApplication1$8(Ljava/util/concurrent/atomic/AtomicBoolean;Ljavafx/application/Application;)V+20
j  com.sun.javafx.application.LauncherImpl$$Lambda$143.run()V+8
j  com.sun.javafx.application.PlatformImpl.lambda$runAndWait$7(Ljava/lang/Runnable;Ljava/util/concurrent/CountDownLatch;)V+1
j  com.sun.javafx.application.PlatformImpl$$Lambda$48.run()V+8
j  com.sun.javafx.application.PlatformImpl.lambda$null$5(Ljava/lang/Runnable;)Ljava/lang/Void;+1
j  com.sun.javafx.application.PlatformImpl$$Lambda$50.run()Ljava/lang/Object;+4
v  ~StubRoutines::call_stub
j  java.security.AccessController.doPrivileged(Ljava/security/PrivilegedAction;Ljava/security/AccessControlContext;)Ljava/lang/Object;+0
j  com.sun.javafx.application.PlatformImpl.lambda$runLater$6(Ljava/lang/Runnable;Ljava/security/AccessControlContext;)V+7
j  com.sun.javafx.application.PlatformImpl$$Lambda$49.run()V+8
j  com.sun.glass.ui.InvokeLaterDispatcher$Future.run()V+4
v  ~StubRoutines::call_stub
j  com.sun.glass.ui.win.WinApplication._runLoop(Ljava/lang/Runnable;)V+0
j  com.sun.glass.ui.win.WinApplication.lambda$null$4(ILjava/lang/Runnable;)V+8
j  com.sun.glass.ui.win.WinApplication$$Lambda$38.run()V+12
j  java.lang.Thread.run()V+11
v  ~StubRoutines::call_stub

---------------  P R O C E S S  ---------------

Java Threads: ( => current thread )
  0x0000014b03557000 JavaThread "JavaFX-Launcher" [_thread_blocked, id=9352, stack(0x0000002762000000,0x0000002762100000)]
  0x0000014b03555800 JavaThread "Hibernate Connection Pool Validation Thread" daemon [_thread_blocked, id=624, stack(0x0000002761f00000,0x0000002762000000)]
  0x0000014b03554800 JavaThread "InterruptTimer" daemon [_thread_blocked, id=5640, stack(0x0000002761e00000,0x0000002761f00000)]
  0x0000014b0355a800 JavaThread "oracle.jdbc.driver.BlockSource.ThreadedCachingBlockSource.BlockReleaser" daemon [_thread_blocked, id=11892, stack(0x0000002761d00000,0x0000002761e00000)]
  0x0000014b03554000 JavaThread "Timer-0" daemon [_thread_blocked, id=14548, stack(0x0000002761c00000,0x0000002761d00000)]
  0x0000014b7c8a9800 JavaThread "Thread-2" daemon [_thread_in_native, id=8268, stack(0x0000002761b00000,0x0000002761c00000)]
=>0x0000014b7c7a5000 JavaThread "JavaFX Application Thread" [_thread_in_vm, id=15208, stack(0x0000002761700000,0x0000002761800000)]
  0x0000014b7c79d000 JavaThread "Thread-1" daemon [_thread_blocked, id=2000, stack(0x0000002761600000,0x0000002761700000)]
  0x0000014b7c5da800 JavaThread "QuantumRenderer-0" daemon [_thread_blocked, id=3236, stack(0x0000002761400000,0x0000002761500000)]
  0x0000014b7c274000 JavaThread "Service Thread" daemon [_thread_blocked, id=13752, stack(0x0000002761200000,0x0000002761300000)]
  0x0000014b7c1a0800 JavaThread "C1 CompilerThread3" daemon [_thread_blocked, id=2052, stack(0x0000002761100000,0x0000002761200000)]
  0x0000014b7c19c800 JavaThread "C2 CompilerThread2" daemon [_thread_blocked, id=1672, stack(0x0000002761000000,0x0000002761100000)]
  0x0000014b7c196000 JavaThread "C2 CompilerThread1" daemon [_thread_blocked, id=14372, stack(0x0000002760f00000,0x0000002761000000)]
  0x0000014b7c193000 JavaThread "C2 CompilerThread0" daemon [_thread_blocked, id=15168, stack(0x0000002760e00000,0x0000002760f00000)]
  0x0000014b7c152800 JavaThread "Monitor Ctrl-Break" daemon [_thread_in_native, id=14384, stack(0x0000002760d00000,0x0000002760e00000)]
  0x0000014b79b0a000 JavaThread "Attach Listener" daemon [_thread_blocked, id=1068, stack(0x0000002760c00000,0x0000002760d00000)]
  0x0000014b79b09000 JavaThread "Signal Dispatcher" daemon [_thread_blocked, id=5232, stack(0x0000002760b00000,0x0000002760c00000)]
  0x0000014b79ae3800 JavaThread "Finalizer" daemon [_thread_blocked, id=13420, stack(0x0000002760a00000,0x0000002760b00000)]
  0x0000014b79ad9800 JavaThread "Reference Handler" daemon [_thread_blocked, id=15352, stack(0x0000002760900000,0x0000002760a00000)]
  0x0000014b5eda0000 JavaThread "main" [_thread_blocked, id=7716, stack(0x000000275fd00000,0x000000275fe00000)]

Other Threads:
  0x0000014b79aae800 VMThread [stack: 0x0000002760800000,0x0000002760900000] [id=3184]
  0x0000014b7c312000 WatcherThread [stack: 0x0000002761300000,0x0000002761400000] [id=11772]

VM state:not at safepoint (normal execution)

VM Mutex/Monitor currently owned by a thread: None

heap address: 0x00000006c1e00000, size: 4066 MB, Compressed Oops mode: Zero based, Oop shift amount: 3
Narrow klass base: 0x0000000000000000, Narrow klass shift: 3
Compressed class space size: 1073741824 Address: 0x00000007c0000000

Heap:
 PSYoungGen      total 102400K, used 58097K [0x000000076b500000, 0x0000000772800000, 0x00000007c0000000)
  eden space 91648K, 63% used [0x000000076b500000,0x000000076edbc520,0x0000000770e80000)
  from space 10752K, 0% used [0x0000000771900000,0x0000000771900000,0x0000000772380000)
  to   space 10752K, 0% used [0x0000000770e80000,0x0000000770e80000,0x0000000771900000)
 ParOldGen       total 177664K, used 11022K [0x00000006c1e00000, 0x00000006ccb80000, 0x000000076b500000)
  object space 177664K, 6% used [0x00000006c1e00000,0x00000006c28c3950,0x00000006ccb80000)
 Metaspace       used 41362K, capacity 42024K, committed 42496K, reserved 1085440K
  class space    used 5642K, capacity 5833K, committed 5888K, reserved 1048576K

Card table byte_map: [0x0000014b6fb90000,0x0000014b70390000] byte_map_base: 0x0000014b6c581000

Marking Bits: (ParMarkBitMap*) 0x000000006bae4fb0
 Begin Bits: [0x0000014b708e0000, 0x0000014b74868000)
 End Bits:   [0x0000014b74868000, 0x0000014b787f0000)

Polling page: 0x0000014b607a0000

CodeCache: size=245760Kb used=8987Kb max_used=9002Kb free=236772Kb
 bounds [0x0000014b607d0000, 0x0000014b610b0000, 0x0000014b6f7d0000]
 total_blobs=3578 nmethods=2854 adapters=636
 compilation: enabled

Compilation events (10 events):
Event: 3.123 Thread 0x0000014b7c1a0800 2851       3       sun.reflect.annotation.AnnotationType::getInstance (65 bytes)
Event: 3.124 Thread 0x0000014b7c1a0800 nmethod 2851 0x0000014b61092dd0 code [0x0000014b61092f80, 0x0000014b61093730]
Event: 3.127 Thread 0x0000014b7c1a0800 2852       1       sun.reflect.annotation.AnnotationType::memberTypes (5 bytes)
Event: 3.127 Thread 0x0000014b7c1a0800 nmethod 2852 0x0000014b61092b10 code [0x0000014b61092c60, 0x0000014b61092d78]
Event: 3.127 Thread 0x0000014b7c1a0800 2853       1       sun.reflect.annotation.AnnotationType::memberDefaults (5 bytes)
Event: 3.127 Thread 0x0000014b7c1a0800 nmethod 2853 0x0000014b61092850 code [0x0000014b610929a0, 0x0000014b61092ab8]
Event: 3.130 Thread 0x0000014b7c1a0800 2854       3       java.lang.invoke.DirectMethodHandle::shouldBeInitialized (123 bytes)
Event: 3.130 Thread 0x0000014b7c1a0800 nmethod 2854 0x0000014b61098710 code [0x0000014b610988e0, 0x0000014b61099030]
Event: 3.133 Thread 0x0000014b7c1a0800 2855       3       sun.reflect.generics.repository.MethodRepository::getReturnType (41 bytes)
Event: 3.133 Thread 0x0000014b7c1a0800 nmethod 2855 0x0000014b61099c10 code [0x0000014b61099dc0, 0x0000014b6109a510]

GC Heap History (10 events):
Event: 1.387 GC heap before
{Heap before GC invocations=2 (full 0):
 PSYoungGen      total 76288K, used 48183K [0x000000076b500000, 0x0000000770a00000, 0x00000007c0000000)
  eden space 65536K, 67% used [0x000000076b500000,0x000000076e02f4e8,0x000000076f500000)
  from space 10752K, 36% used [0x000000076f500000,0x000000076f8deaf0,0x000000076ff80000)
  to   space 10752K, 0% used [0x000000076ff80000,0x000000076ff80000,0x0000000770a00000)
 ParOldGen       total 175104K, used 80K [0x00000006c1e00000, 0x00000006cc900000, 0x000000076b500000)
  object space 175104K, 0% used [0x00000006c1e00000,0x00000006c1e14010,0x00000006cc900000)
 Metaspace       used 20750K, capacity 21112K, committed 21248K, reserved 1067008K
  class space    used 2614K, capacity 2764K, committed 2816K, reserved 1048576K
Event: 1.394 GC heap after
Heap after GC invocations=2 (full 0):
 PSYoungGen      total 76288K, used 8534K [0x000000076b500000, 0x0000000770a00000, 0x00000007c0000000)
  eden space 65536K, 0% used [0x000000076b500000,0x000000076b500000,0x000000076f500000)
  from space 10752K, 79% used [0x000000076ff80000,0x00000007707d5b10,0x0000000770a00000)
  to   space 10752K, 0% used [0x000000076f500000,0x000000076f500000,0x000000076ff80000)
 ParOldGen       total 175104K, used 88K [0x00000006c1e00000, 0x00000006cc900000, 0x000000076b500000)
  object space 175104K, 0% used [0x00000006c1e00000,0x00000006c1e16010,0x00000006cc900000)
 Metaspace       used 20750K, capacity 21112K, committed 21248K, reserved 1067008K
  class space    used 2614K, capacity 2764K, committed 2816K, reserved 1048576K
}
Event: 1.394 GC heap before
{Heap before GC invocations=3 (full 1):
 PSYoungGen      total 76288K, used 8534K [0x000000076b500000, 0x0000000770a00000, 0x00000007c0000000)
  eden space 65536K, 0% used [0x000000076b500000,0x000000076b500000,0x000000076f500000)
  from space 10752K, 79% used [0x000000076ff80000,0x00000007707d5b10,0x0000000770a00000)
  to   space 10752K, 0% used [0x000000076f500000,0x000000076f500000,0x000000076ff80000)
 ParOldGen       total 175104K, used 88K [0x00000006c1e00000, 0x00000006cc900000, 0x000000076b500000)
  object space 175104K, 0% used [0x00000006c1e00000,0x00000006c1e16010,0x00000006cc900000)
 Metaspace       used 20750K, capacity 21112K, committed 21248K, reserved 1067008K
  class space    used 2614K, capacity 2764K, committed 2816K, reserved 1048576K
Event: 1.411 GC heap after
Heap after GC invocations=3 (full 1):
 PSYoungGen      total 76288K, used 0K [0x000000076b500000, 0x0000000770a00000, 0x00000007c0000000)
  eden space 65536K, 0% used [0x000000076b500000,0x000000076b500000,0x000000076f500000)
  from space 10752K, 0% used [0x000000076ff80000,0x000000076ff80000,0x0000000770a00000)
  to   space 10752K, 0% used [0x000000076f500000,0x000000076f500000,0x000000076ff80000)
 ParOldGen       total 114176K, used 8225K [0x00000006c1e00000, 0x00000006c8d80000, 0x000000076b500000)
  object space 114176K, 7% used [0x00000006c1e00000,0x00000006c26085d8,0x00000006c8d80000)
 Metaspace       used 20750K, capacity 21112K, committed 21248K, reserved 1067008K
  class space    used 2614K, capacity 2764K, committed 2816K, reserved 1048576K
}
Event: 2.305 GC heap before
{Heap before GC invocations=4 (full 1):
 PSYoungGen      total 76288K, used 65536K [0x000000076b500000, 0x0000000770a00000, 0x00000007c0000000)
  eden space 65536K, 100% used [0x000000076b500000,0x000000076f500000,0x000000076f500000)
  from space 10752K, 0% used [0x000000076ff80000,0x000000076ff80000,0x0000000770a00000)
  to   space 10752K, 0% used [0x000000076f500000,0x000000076f500000,0x000000076ff80000)
 ParOldGen       total 114176K, used 8225K [0x00000006c1e00000, 0x00000006c8d80000, 0x000000076b500000)
  object space 114176K, 7% used [0x00000006c1e00000,0x00000006c26085d8,0x00000006c8d80000)
 Metaspace       used 31089K, capacity 31596K, committed 31872K, reserved 1077248K
  class space    used 4070K, capacity 4200K, committed 4224K, reserved 1048576K
Event: 2.312 GC heap after
Heap after GC invocations=4 (full 1):
 PSYoungGen      total 76288K, used 10568K [0x000000076b500000, 0x0000000772380000, 0x00000007c0000000)
  eden space 65536K, 0% used [0x000000076b500000,0x000000076b500000,0x000000076f500000)
  from space 10752K, 98% used [0x000000076f500000,0x000000076ff52398,0x000000076ff80000)
  to   space 10752K, 0% used [0x0000000771900000,0x0000000771900000,0x0000000772380000)
 ParOldGen       total 114176K, used 8233K [0x00000006c1e00000, 0x00000006c8d80000, 0x000000076b500000)
  object space 114176K, 7% used [0x00000006c1e00000,0x00000006c260a5d8,0x00000006c8d80000)
 Metaspace       used 31089K, capacity 31596K, committed 31872K, reserved 1077248K
  class space    used 4070K, capacity 4200K, committed 4224K, reserved 1048576K
}
Event: 2.547 GC heap before
{Heap before GC invocations=5 (full 1):
 PSYoungGen      total 76288K, used 36382K [0x000000076b500000, 0x0000000772380000, 0x00000007c0000000)
  eden space 65536K, 39% used [0x000000076b500000,0x000000076ce35578,0x000000076f500000)
  from space 10752K, 98% used [0x000000076f500000,0x000000076ff52398,0x000000076ff80000)
  to   space 10752K, 0% used [0x0000000771900000,0x0000000771900000,0x0000000772380000)
 ParOldGen       total 114176K, used 8233K [0x00000006c1e00000, 0x00000006c8d80000, 0x000000076b500000)
  object space 114176K, 7% used [0x00000006c1e00000,0x00000006c260a5d8,0x00000006c8d80000)
 Metaspace       used 34584K, capacity 35132K, committed 35416K, reserved 1079296K
  class space    used 4642K, capacity 4818K, committed 4864K, reserved 1048576K
Event: 2.551 GC heap after
Heap after GC invocations=5 (full 1):
 PSYoungGen      total 102400K, used 7136K [0x000000076b500000, 0x0000000772800000, 0x00000007c0000000)
  eden space 91648K, 0% used [0x000000076b500000,0x000000076b500000,0x0000000770e80000)
  from space 10752K, 66% used [0x0000000771900000,0x0000000771ff8200,0x0000000772380000)
  to   space 10752K, 0% used [0x0000000770e80000,0x0000000770e80000,0x0000000771900000)
 ParOldGen       total 114176K, used 8241K [0x00000006c1e00000, 0x00000006c8d80000, 0x000000076b500000)
  object space 114176K, 7% used [0x00000006c1e00000,0x00000006c260c5d8,0x00000006c8d80000)
 Metaspace       used 34584K, capacity 35132K, committed 35416K, reserved 1079296K
  class space    used 4642K, capacity 4818K, committed 4864K, reserved 1048576K
}
Event: 2.551 GC heap before
{Heap before GC invocations=6 (full 2):
 PSYoungGen      total 102400K, used 7136K [0x000000076b500000, 0x0000000772800000, 0x00000007c0000000)
  eden space 91648K, 0% used [0x000000076b500000,0x000000076b500000,0x0000000770e80000)
  from space 10752K, 66% used [0x0000000771900000,0x0000000771ff8200,0x0000000772380000)
  to   space 10752K, 0% used [0x0000000770e80000,0x0000000770e80000,0x0000000771900000)
 ParOldGen       total 114176K, used 8241K [0x00000006c1e00000, 0x00000006c8d80000, 0x000000076b500000)
  object space 114176K, 7% used [0x00000006c1e00000,0x00000006c260c5d8,0x00000006c8d80000)
 Metaspace       used 34584K, capacity 35132K, committed 35416K, reserved 1079296K
  class space    used 4642K, capacity 4818K, committed 4864K, reserved 1048576K
Event: 2.569 GC heap after
Heap after GC invocations=6 (full 2):
 PSYoungGen      total 102400K, used 0K [0x000000076b500000, 0x0000000772800000, 0x00000007c0000000)
  eden space 91648K, 0% used [0x000000076b500000,0x000000076b500000,0x0000000770e80000)
  from space 10752K, 0% used [0x0000000771900000,0x0000000771900000,0x0000000772380000)
  to   space 10752K, 0% used [0x0000000770e80000,0x0000000770e80000,0x0000000771900000)
 ParOldGen       total 177664K, used 11022K [0x00000006c1e00000, 0x00000006ccb80000, 0x000000076b500000)
  object space 177664K, 6% used [0x00000006c1e00000,0x00000006c28c3950,0x00000006ccb80000)
 Metaspace       used 34584K, capacity 35132K, committed 35416K, reserved 1079296K
  class space    used 4642K, capacity 4818K, committed 4864K, reserved 1048576K
}

Deoptimization events (10 events):
Event: 1.985 Thread 0x0000014b5eda0000 Uncommon trap: reason=unstable_if action=reinterpret pc=0x0000014b60bd9c94 method=java.lang.String$CaseInsensitiveComparator.compare(Ljava/lang/String;Ljava/lang/String;)I @ 70
Event: 2.018 Thread 0x0000014b5eda0000 Uncommon trap: reason=unstable_if action=reinterpret pc=0x0000014b60c891f4 method=java.lang.Integer.parseInt(Ljava/lang/String;I)I @ 122
Event: 2.117 Thread 0x0000014b5eda0000 Uncommon trap: reason=bimorphic action=maybe_recompile pc=0x0000014b60d5a410 method=java.util.Hashtable.get(Ljava/lang/Object;)Ljava/lang/Object; @ 6
Event: 2.121 Thread 0x0000014b5eda0000 Uncommon trap: reason=bimorphic action=maybe_recompile pc=0x0000014b60d5a410 method=java.util.Hashtable.get(Ljava/lang/Object;)Ljava/lang/Object; @ 6
Event: 2.224 Thread 0x0000014b5eda0000 Uncommon trap: reason=range_check action=make_not_entrant pc=0x0000014b60d86928 method=sun.reflect.generics.parser.SignatureParser.current()C @ 34
Event: 3.111 Thread 0x0000014b7c7a5000 Uncommon trap: reason=unstable_if action=reinterpret pc=0x0000014b60c822fc method=java.util.HashMap.putVal(ILjava/lang/Object;Ljava/lang/Object;ZZ)Ljava/lang/Object; @ 162
Event: 3.111 Thread 0x0000014b7c7a5000 Uncommon trap: reason=unstable_if action=reinterpret pc=0x0000014b60c8bf30 method=java.util.HashMap.putVal(ILjava/lang/Object;Ljava/lang/Object;ZZ)Ljava/lang/Object; @ 162
Event: 3.111 Thread 0x0000014b7c7a5000 Uncommon trap: reason=unstable_if action=reinterpret pc=0x0000014b60af0b14 method=java.util.HashMap.getNode(ILjava/lang/Object;)Ljava/util/HashMap$Node; @ 84
Event: 3.111 Thread 0x0000014b7c7a5000 Uncommon trap: reason=unstable_if action=reinterpret pc=0x0000014b60af1120 method=java.util.HashMap.getNode(ILjava/lang/Object;)Ljava/util/HashMap$Node; @ 84
Event: 3.112 Thread 0x0000014b7c7a5000 Uncommon trap: reason=unstable_if action=reinterpret pc=0x0000014b60d87014 method=java.util.HashMap.resize()[Ljava/util/HashMap$Node; @ 206

Classes redefined (0 events):
No events

Internal exceptions (10 events):
Event: 1.288 Thread 0x0000014b5eda0000 Exception <a 'java/lang/ArrayIndexOutOfBoundsException'> (0x000000076d8559c0) thrown at [C:\jenkins\workspace\8-2-build-windows-amd64-cygwin\jdk8u261\295\hotspot\src\share\vm\runtime\sharedRuntime.cpp, line 605]
Event: 1.288 Thread 0x0000014b5eda0000 Exception <a 'java/lang/ArrayIndexOutOfBoundsException'> (0x000000076d857248) thrown at [C:\jenkins\workspace\8-2-build-windows-amd64-cygwin\jdk8u261\295\hotspot\src\share\vm\runtime\sharedRuntime.cpp, line 605]
Event: 1.289 Thread 0x0000014b5eda0000 Exception <a 'java/lang/ArrayIndexOutOfBoundsException'> (0x000000076d859db8) thrown at [C:\jenkins\workspace\8-2-build-windows-amd64-cygwin\jdk8u261\295\hotspot\src\share\vm\runtime\sharedRuntime.cpp, line 605]
Event: 1.294 Thread 0x0000014b5eda0000 Exception <a 'java/lang/ArrayIndexOutOfBoundsException'> (0x000000076d886d00) thrown at [C:\jenkins\workspace\8-2-build-windows-amd64-cygwin\jdk8u261\295\hotspot\src\share\vm\runtime\sharedRuntime.cpp, line 605]
Event: 1.298 Thread 0x0000014b5eda0000 Exception <a 'java/lang/ArrayIndexOutOfBoundsException'> (0x000000076d8a6758) thrown at [C:\jenkins\workspace\8-2-build-windows-amd64-cygwin\jdk8u261\295\hotspot\src\share\vm\runtime\sharedRuntime.cpp, line 605]
Event: 2.225 Thread 0x0000014b5eda0000 Exception <a 'java/lang/ArrayIndexOutOfBoundsException': 58> (0x000000076eba06b8) thrown at [C:\jenkins\workspace\8-2-build-windows-amd64-cygwin\jdk8u261\295\hotspot\src\share\vm\interpreter\interpreterRuntime.cpp, line 368]
Event: 2.225 Thread 0x0000014b5eda0000 Exception <a 'java/lang/ArrayIndexOutOfBoundsException': 57> (0x000000076eba1790) thrown at [C:\jenkins\workspace\8-2-build-windows-amd64-cygwin\jdk8u261\295\hotspot\src\share\vm\interpreter\interpreterRuntime.cpp, line 368]
Event: 2.720 Thread 0x0000014b5eda0000 Exception <a 'java/lang/NoSuchMethodError': java.lang.Object.lambda$static$0(Lorg/hibernate/loader/plan/spi/LoadPlan;Lorg/hibernate/loader/plan/exec/spi/AliasResolutionContext;Lorg/hibernate/loader/plan/exec/process/spi/ReaderCollector;ZZ)Lorg/hibernate/l
Event: 3.070 Thread 0x0000014b7c7a5000 Exception <a 'java/lang/NullPointerException'> (0x000000076e7dacf0) thrown at [C:\jenkins\workspace\8-2-build-windows-amd64-cygwin\jdk8u261\295\hotspot\src\share\vm\interpreter\linkResolver.cpp, line 1185]
Event: 3.070 Thread 0x0000014b7c7a5000 Exception <a 'java/lang/NullPointerException'> (0x000000076e7dacf0) thrown at [C:\jenkins\workspace\8-2-build-windows-amd64-cygwin\jdk8u261\295\hotspot\src\share\vm\prims\jvm.cpp, line 1516]

Events (10 events):
Event: 3.133 loading class javafx/fxml/FXMLLoader$SupportedType$4
Event: 3.133 loading class javafx/fxml/FXMLLoader$SupportedType$4 done
Event: 3.133 loading class javafx/fxml/FXMLLoader$SupportedType$5
Event: 3.133 loading class javafx/fxml/FXMLLoader$SupportedType$5 done
Event: 3.133 loading class javafx/fxml/FXMLLoader$SupportedType$6
Event: 3.133 loading class javafx/fxml/FXMLLoader$SupportedType$6 done
Event: 3.134 loading class javafx/fxml/FXMLLoader$MethodHandler
Event: 3.134 loading class javafx/fxml/FXMLLoader$MethodHandler done
Event: 3.134 loading class javafx/fxml/FXMLLoader$ControllerMethodEventHandler
Event: 3.134 loading class javafx/fxml/FXMLLoader$ControllerMethodEventHandler done


Dynamic libraries:
0x00007ff706b10000 - 0x00007ff706b57000 	C:\Program Files\Java\jdk1.8.0_261\bin\java.exe
0x00007ffd476f0000 - 0x00007ffd478e5000 	C:\WINDOWS\SYSTEM32\ntdll.dll
0x00007ffd462a0000 - 0x00007ffd4635d000 	C:\WINDOWS\System32\KERNEL32.DLL
0x00007ffd44f40000 - 0x00007ffd45209000 	C:\WINDOWS\System32\KERNELBASE.dll
0x00007ffd45e30000 - 0x00007ffd45edc000 	C:\WINDOWS\System32\ADVAPI32.dll
0x00007ffd45910000 - 0x00007ffd459ae000 	C:\WINDOWS\System32\msvcrt.dll
0x00007ffd45d80000 - 0x00007ffd45e1c000 	C:\WINDOWS\System32\sechost.dll
0x00007ffd45aa0000 - 0x00007ffd45bcb000 	C:\WINDOWS\System32\RPCRT4.dll
0x00007ffd46100000 - 0x00007ffd462a0000 	C:\WINDOWS\System32\USER32.dll
0x00007ffd45470000 - 0x00007ffd45492000 	C:\WINDOWS\System32\win32u.dll
0x00007ffd45880000 - 0x00007ffd458aa000 	C:\WINDOWS\System32\GDI32.dll
0x00007ffd45360000 - 0x00007ffd4546b000 	C:\WINDOWS\System32\gdi32full.dll
0x00007ffd452c0000 - 0x00007ffd4535d000 	C:\WINDOWS\System32\msvcp_win.dll
0x00007ffd45650000 - 0x00007ffd45750000 	C:\WINDOWS\System32\ucrtbase.dll
0x00007ffd2a9d0000 - 0x00007ffd2ac6a000 	C:\WINDOWS\WinSxS\amd64_microsoft.windows.common-controls_6595b64144ccf1df_6.0.19041.844_none_ca00b6081b84eb1d\COMCTL32.dll
0x00007ffd46f30000 - 0x00007ffd46f60000 	C:\WINDOWS\System32\IMM32.DLL
0x00007ffd405b0000 - 0x00007ffd405c5000 	C:\Program Files\Java\jdk1.8.0_261\jre\bin\vcruntime140.dll
0x00007ffd387a0000 - 0x00007ffd3883b000 	C:\Program Files\Java\jdk1.8.0_261\jre\bin\msvcp140.dll
0x000000006b2f0000 - 0x000000006bb5c000 	C:\Program Files\Java\jdk1.8.0_261\jre\bin\server\jvm.dll
0x00007ffd459b0000 - 0x00007ffd459b8000 	C:\WINDOWS\System32\PSAPI.DLL
0x00007ffd27730000 - 0x00007ffd27739000 	C:\WINDOWS\SYSTEM32\WSOCK32.dll
0x00007ffd3aab0000 - 0x00007ffd3aad7000 	C:\WINDOWS\SYSTEM32\WINMM.dll
0x00007ffd3e350000 - 0x00007ffd3e35a000 	C:\WINDOWS\SYSTEM32\VERSION.dll
0x00007ffd46090000 - 0x00007ffd460fb000 	C:\WINDOWS\System32\WS2_32.dll
0x00007ffd43740000 - 0x00007ffd43752000 	C:\WINDOWS\SYSTEM32\kernel.appcore.dll
0x00007ffd42420000 - 0x00007ffd42430000 	C:\Program Files\Java\jdk1.8.0_261\jre\bin\verify.dll
0x00007ffd40580000 - 0x00007ffd405ab000 	C:\Program Files\Java\jdk1.8.0_261\jre\bin\java.dll
0x00007ffd38720000 - 0x00007ffd38752000 	C:\Program Files\Java\jdk1.8.0_261\jre\bin\instrument.dll
0x00007ffd3e8a0000 - 0x00007ffd3e8b8000 	C:\Program Files\Java\jdk1.8.0_261\jre\bin\zip.dll
0x00007ffd46f60000 - 0x00007ffd476a2000 	C:\WINDOWS\System32\SHELL32.dll
0x00007ffd42f70000 - 0x00007ffd43700000 	C:\WINDOWS\SYSTEM32\windows.storage.dll
0x00007ffd464e0000 - 0x00007ffd46835000 	C:\WINDOWS\System32\combase.dll
0x00007ffd448a0000 - 0x00007ffd448cc000 	C:\WINDOWS\SYSTEM32\Wldp.dll
0x00007ffd45cd0000 - 0x00007ffd45d7e000 	C:\WINDOWS\System32\SHCORE.dll
0x00007ffd458b0000 - 0x00007ffd45905000 	C:\WINDOWS\System32\shlwapi.dll
0x00007ffd44d70000 - 0x00007ffd44d8f000 	C:\WINDOWS\SYSTEM32\profapi.dll
0x00007ffd38780000 - 0x00007ffd3879a000 	C:\Program Files\JetBrains\IntelliJ IDEA 2020.3\bin\breakgen64.dll
0x00007ffd3d580000 - 0x00007ffd3d59c000 	C:\Program Files\Java\jdk1.8.0_261\jre\bin\net.dll
0x00007ffd44620000 - 0x00007ffd4468a000 	C:\WINDOWS\system32\mswsock.dll
0x0000014b7cb80000 - 0x0000014b7cb83000 	C:\Program Files\Java\jdk1.8.0_261\jre\bin\api-ms-win-core-console-l1-1-0.dll
0x0000014b7cb90000 - 0x0000014b7cb93000 	C:\Program Files\Java\jdk1.8.0_261\jre\bin\api-ms-win-core-datetime-l1-1-0.dll
0x0000014b7cba0000 - 0x0000014b7cba3000 	C:\Program Files\Java\jdk1.8.0_261\jre\bin\api-ms-win-core-debug-l1-1-0.dll
0x0000014b7cbb0000 - 0x0000014b7cbb3000 	C:\Program Files\Java\jdk1.8.0_261\jre\bin\api-ms-win-core-errorhandling-l1-1-0.dll
0x0000014b7cbc0000 - 0x0000014b7cbc4000 	C:\Program Files\Java\jdk1.8.0_261\jre\bin\api-ms-win-core-file-l1-1-0.dll
0x0000014b7cbd0000 - 0x0000014b7cbd3000 	C:\Program Files\Java\jdk1.8.0_261\jre\bin\api-ms-win-core-file-l1-2-0.dll
0x0000014b7cbe0000 - 0x0000014b7cbe3000 	C:\Program Files\Java\jdk1.8.0_261\jre\bin\api-ms-win-core-file-l2-1-0.dll
0x0000014b7cbf0000 - 0x0000014b7cbf3000 	C:\Program Files\Java\jdk1.8.0_261\jre\bin\api-ms-win-core-handle-l1-1-0.dll
0x0000014b7cc00000 - 0x0000014b7cc03000 	C:\Program Files\Java\jdk1.8.0_261\jre\bin\api-ms-win-core-heap-l1-1-0.dll
0x0000014b7cc10000 - 0x0000014b7cc13000 	C:\Program Files\Java\jdk1.8.0_261\jre\bin\api-ms-win-core-interlocked-l1-1-0.dll
0x0000014b7cc20000 - 0x0000014b7cc23000 	C:\Program Files\Java\jdk1.8.0_261\jre\bin\api-ms-win-core-libraryloader-l1-1-0.dll
0x0000014b7cc30000 - 0x0000014b7cc33000 	C:\Program Files\Java\jdk1.8.0_261\jre\bin\api-ms-win-core-localization-l1-2-0.dll
0x0000014b7cc40000 - 0x0000014b7cc43000 	C:\Program Files\Java\jdk1.8.0_261\jre\bin\api-ms-win-core-memory-l1-1-0.dll
0x0000014b7cc50000 - 0x0000014b7cc53000 	C:\Program Files\Java\jdk1.8.0_261\jre\bin\api-ms-win-core-namedpipe-l1-1-0.dll
0x0000014b7cc60000 - 0x0000014b7cc63000 	C:\Program Files\Java\jdk1.8.0_261\jre\bin\api-ms-win-core-processenvironment-l1-1-0.dll
0x0000014b7cc70000 - 0x0000014b7cc73000 	C:\Program Files\Java\jdk1.8.0_261\jre\bin\api-ms-win-core-processthreads-l1-1-0.dll
0x0000014b7cc80000 - 0x0000014b7cc83000 	C:\Program Files\Java\jdk1.8.0_261\jre\bin\api-ms-win-core-processthreads-l1-1-1.dll
0x0000014b7cc90000 - 0x0000014b7cc93000 	C:\Program Files\Java\jdk1.8.0_261\jre\bin\api-ms-win-core-profile-l1-1-0.dll
0x0000014b7cca0000 - 0x0000014b7cca3000 	C:\Program Files\Java\jdk1.8.0_261\jre\bin\api-ms-win-core-rtlsupport-l1-1-0.dll
0x0000014b7ccb0000 - 0x0000014b7ccb3000 	C:\Program Files\Java\jdk1.8.0_261\jre\bin\api-ms-win-core-string-l1-1-0.dll
0x0000014b7ccc0000 - 0x0000014b7ccc3000 	C:\Program Files\Java\jdk1.8.0_261\jre\bin\api-ms-win-core-synch-l1-1-0.dll
0x0000014b7ccd0000 - 0x0000014b7ccd3000 	C:\Program Files\Java\jdk1.8.0_261\jre\bin\api-ms-win-core-synch-l1-2-0.dll
0x0000014b7cce0000 - 0x0000014b7cce3000 	C:\Program Files\Java\jdk1.8.0_261\jre\bin\api-ms-win-core-sysinfo-l1-1-0.dll
0x0000014b7ccf0000 - 0x0000014b7ccf3000 	C:\Program Files\Java\jdk1.8.0_261\jre\bin\api-ms-win-core-timezone-l1-1-0.dll
0x0000014b7cd00000 - 0x0000014b7cd03000 	C:\Program Files\Java\jdk1.8.0_261\jre\bin\api-ms-win-core-util-l1-1-0.dll
0x0000014b7cd10000 - 0x0000014b7cd13000 	C:\Program Files\Java\jdk1.8.0_261\jre\bin\api-ms-win-crt-conio-l1-1-0.dll
0x0000014b7cd20000 - 0x0000014b7cd24000 	C:\Program Files\Java\jdk1.8.0_261\jre\bin\api-ms-win-crt-convert-l1-1-0.dll
0x0000014b7cd30000 - 0x0000014b7cd33000 	C:\Program Files\Java\jdk1.8.0_261\jre\bin\api-ms-win-crt-environment-l1-1-0.dll
0x0000014b7cd40000 - 0x0000014b7cd43000 	C:\Program Files\Java\jdk1.8.0_261\jre\bin\api-ms-win-crt-filesystem-l1-1-0.dll
0x0000014b7cd50000 - 0x0000014b7cd53000 	C:\Program Files\Java\jdk1.8.0_261\jre\bin\api-ms-win-crt-heap-l1-1-0.dll
0x0000014b7cd60000 - 0x0000014b7cd63000 	C:\Program Files\Java\jdk1.8.0_261\jre\bin\api-ms-win-crt-locale-l1-1-0.dll
0x0000014b7cd70000 - 0x0000014b7cd75000 	C:\Program Files\Java\jdk1.8.0_261\jre\bin\api-ms-win-crt-math-l1-1-0.dll
0x0000014b7cd80000 - 0x0000014b7cd85000 	C:\Program Files\Java\jdk1.8.0_261\jre\bin\api-ms-win-crt-multibyte-l1-1-0.dll
0x0000014b7cd90000 - 0x0000014b7cda0000 	C:\Program Files\Java\jdk1.8.0_261\jre\bin\api-ms-win-crt-private-l1-1-0.dll
0x0000014b7cda0000 - 0x0000014b7cda3000 	C:\Program Files\Java\jdk1.8.0_261\jre\bin\api-ms-win-crt-process-l1-1-0.dll
0x0000014b7cdb0000 - 0x0000014b7cdb4000 	C:\Program Files\Java\jdk1.8.0_261\jre\bin\api-ms-win-crt-runtime-l1-1-0.dll
0x0000014b7cdc0000 - 0x0000014b7cdc4000 	C:\Program Files\Java\jdk1.8.0_261\jre\bin\api-ms-win-crt-stdio-l1-1-0.dll
0x0000014b7cdd0000 - 0x0000014b7cdd4000 	C:\Program Files\Java\jdk1.8.0_261\jre\bin\api-ms-win-crt-string-l1-1-0.dll
0x0000014b7cde0000 - 0x0000014b7cde3000 	C:\Program Files\Java\jdk1.8.0_261\jre\bin\api-ms-win-crt-time-l1-1-0.dll
0x0000014b7cdf0000 - 0x0000014b7cdf3000 	C:\Program Files\Java\jdk1.8.0_261\jre\bin\api-ms-win-crt-utility-l1-1-0.dll
0x00007ffd326c0000 - 0x00007ffd327bc000 	C:\Program Files\Java\jdk1.8.0_261\jre\bin\ucrtbase.dll
0x00007ffd329f0000 - 0x00007ffd32a41000 	C:\Program Files\Java\jdk1.8.0_261\jre\bin\concrt140.dll
0x00007ffd38500000 - 0x00007ffd38523000 	C:\Program Files\Java\jdk1.8.0_261\jre\bin\prism_d3d.dll
0x00007ffd3daa0000 - 0x00007ffd3dc6f000 	C:\WINDOWS\system32\d3d9.dll
0x00007ffd428d0000 - 0x00007ffd428ff000 	C:\WINDOWS\SYSTEM32\dwmapi.dll
0x00007ffd42520000 - 0x00007ffd425be000 	C:\WINDOWS\system32\uxtheme.dll
0x00007ffd31560000 - 0x00007ffd316c3000 	C:\WINDOWS\System32\DriverStore\FileRepository\iigd_dch.inf_amd64_3c82703a0fbed0ab\igdumdim64.dll
0x00007ffcda010000 - 0x00007ffcddd7b000 	C:\WINDOWS\System32\DriverStore\FileRepository\iigd_dch.inf_amd64_3c82703a0fbed0ab\igd9dxva64.dll
0x00007ffd45750000 - 0x00007ffd4587a000 	C:\WINDOWS\System32\OLE32.DLL
0x00007ffd46360000 - 0x00007ffd4642d000 	C:\WINDOWS\System32\OLEAUT32.dll
0x00007ffd368a0000 - 0x00007ffd36a40000 	C:\WINDOWS\System32\DriverStore\FileRepository\iigd_dch.inf_amd64_3c82703a0fbed0ab\igdgmm64.dll
0x00007ffd35640000 - 0x00007ffd35745000 	C:\WINDOWS\System32\DriverStore\FileRepository\nvltsi.inf_amd64_8a840bbdececcdea\nvldumdx.dll
0x00007ffd44a20000 - 0x00007ffd44a32000 	C:\WINDOWS\SYSTEM32\msasn1.dll
0x00007ffd3b000000 - 0x00007ffd3b031000 	C:\WINDOWS\SYSTEM32\cryptnet.dll
0x00007ffd454a0000 - 0x00007ffd455ff000 	C:\WINDOWS\System32\CRYPT32.dll
0x00007ffd44810000 - 0x00007ffd4481c000 	C:\WINDOWS\SYSTEM32\cryptbase.dll
0x00007ffd44e30000 - 0x00007ffd44e90000 	C:\WINDOWS\System32\WINTRUST.DLL
0x00007ffd46f10000 - 0x00007ffd46f2d000 	C:\WINDOWS\System32\imagehlp.dll
0x00007ffd447f0000 - 0x00007ffd44808000 	C:\WINDOWS\SYSTEM32\CRYPTSP.dll
0x00007ffd43f50000 - 0x00007ffd43f84000 	C:\WINDOWS\system32\rsaenh.dll
0x00007ffd45210000 - 0x00007ffd45237000 	C:\WINDOWS\System32\bcrypt.dll
0x00007ffd45240000 - 0x00007ffd452c0000 	C:\WINDOWS\System32\bcryptPrimitives.dll
0x00007ffcd83c0000 - 0x00007ffcda00a000 	C:\WINDOWS\System32\DriverStore\FileRepository\nvltsi.inf_amd64_8a840bbdececcdea\nvd3dumx.dll
0x00007ffd32670000 - 0x00007ffd326b5000 	C:\Program Files\Java\jdk1.8.0_261\jre\bin\glass.dll
0x00007ffd46d10000 - 0x00007ffd46dea000 	C:\WINDOWS\System32\COMDLG32.dll
0x00007ffd46df0000 - 0x00007ffd46f05000 	C:\WINDOWS\System32\MSCTF.dll
0x00007ffd32d20000 - 0x00007ffd32d43000 	C:\WINDOWS\System32\DriverStore\FileRepository\iigd_dch.inf_amd64_3c82703a0fbed0ab\igdinfo64.dll
0x00007ffd2ed10000 - 0x00007ffd3110c000 	C:\WINDOWS\System32\DriverStore\FileRepository\iigd_dch.inf_amd64_3c82703a0fbed0ab\igc64.dll
0x00007ffd3b5e0000 - 0x00007ffd3b61b000 	C:\WINDOWS\SYSTEM32\dxcore.dll
0x00007ffd45600000 - 0x00007ffd4564e000 	C:\WINDOWS\System32\cfgmgr32.dll
0x00007ffd44d30000 - 0x00007ffd44d5e000 	C:\WINDOWS\SYSTEM32\USERENV.dll
0x00007ffd442c0000 - 0x00007ffd442fb000 	C:\WINDOWS\SYSTEM32\IPHLPAPI.DLL
0x00007ffd45c60000 - 0x00007ffd45c68000 	C:\WINDOWS\System32\NSI.dll
0x00007ffd3d4e0000 - 0x00007ffd3d4f7000 	C:\WINDOWS\SYSTEM32\dhcpcsvc6.DLL
0x00007ffd3e2c0000 - 0x00007ffd3e2dd000 	C:\WINDOWS\SYSTEM32\dhcpcsvc.DLL
0x00007ffd44300000 - 0x00007ffd443cb000 	C:\WINDOWS\SYSTEM32\DNSAPI.dll
0x00007ffd3b310000 - 0x00007ffd3b323000 	C:\Program Files\Java\jdk1.8.0_261\jre\bin\nio.dll
0x00007ffd42390000 - 0x00007ffd4239d000 	C:\Program Files\Java\jdk1.8.0_261\jre\bin\management.dll
0x00007ffd36870000 - 0x00007ffd3687a000 	C:\Windows\System32\rasadhlp.dll
0x00007ffd2d340000 - 0x00007ffd2d3bf000 	C:\WINDOWS\System32\fwpuclnt.dll
0x00007ffd25160000 - 0x00007ffd25177000 	C:\WINDOWS\system32\napinsp.dll
0x00007ffd25140000 - 0x00007ffd2515b000 	C:\WINDOWS\system32\pnrpnsp.dll
0x00007ffd250e0000 - 0x00007ffd250f5000 	C:\WINDOWS\system32\wshbth.dll
0x00007ffd40410000 - 0x00007ffd4042d000 	C:\WINDOWS\system32\NLAapi.dll
0x00007ffd250c0000 - 0x00007ffd250d2000 	C:\WINDOWS\System32\winrnr.dll
0x00007ffd35770000 - 0x00007ffd35794000 	C:\Program Files\Java\jdk1.8.0_261\jre\bin\sunec.dll
0x00007ffd38700000 - 0x00007ffd38714000 	C:\Program Files\Java\jdk1.8.0_261\jre\bin\javafx_font.dll
0x00007ffd2e790000 - 0x00007ffd2ea0f000 	C:\WINDOWS\SYSTEM32\dwrite.dll
0x00007ffd42b30000 - 0x00007ffd42d14000 	C:\WINDOWS\SYSTEM32\dbghelp.dll

VM Arguments:
jvm_args: -javaagent:C:\Program Files\JetBrains\IntelliJ IDEA 2020.3\lib\idea_rt.jar=50415:C:\Program Files\JetBrains\IntelliJ IDEA 2020.3\bin -Dfile.encoding=UTF-8 
java_command: org.fsb.municipalite.App
java_class_path (initial): C:\Program Files\Java\jdk1.8.0_261\jre\lib\charsets.jar;C:\Program Files\Java\jdk1.8.0_261\jre\lib\deploy.jar;C:\Program Files\Java\jdk1.8.0_261\jre\lib\ext\access-bridge-64.jar;C:\Program Files\Java\jdk1.8.0_261\jre\lib\ext\cldrdata.jar;C:\Program Files\Java\jdk1.8.0_261\jre\lib\ext\dnsns.jar;C:\Program Files\Java\jdk1.8.0_261\jre\lib\ext\jaccess.jar;C:\Program Files\Java\jdk1.8.0_261\jre\lib\ext\jfxrt.jar;C:\Program Files\Java\jdk1.8.0_261\jre\lib\ext\localedata.jar;C:\Program Files\Java\jdk1.8.0_261\jre\lib\ext\nashorn.jar;C:\Program Files\Java\jdk1.8.0_261\jre\lib\ext\sunec.jar;C:\Program Files\Java\jdk1.8.0_261\jre\lib\ext\sunjce_provider.jar;C:\Program Files\Java\jdk1.8.0_261\jre\lib\ext\sunmscapi.jar;C:\Program Files\Java\jdk1.8.0_261\jre\lib\ext\sunpkcs11.jar;C:\Program Files\Java\jdk1.8.0_261\jre\lib\ext\zipfs.jar;C:\Program Files\Java\jdk1.8.0_261\jre\lib\javaws.jar;C:\Program Files\Java\jdk1.8.0_261\jre\lib\jce.jar;C:\Program Files\Java\jdk1.8.0_261\jre\lib\jfr.jar;C:\Program Files\Java\jdk1.8.0_261\jre\lib\jfxswt.jar;C:\Program Files\Java\jdk1.8.0_261\jre\lib\jsse.jar;C:\Program Files\Java\jdk1.8.0_261\jre\lib\management-agent.jar;C:\Program Files\Java\jdk1.8.0_261\jre\lib\plugin.jar;C:\Program Files\Java\jdk1.8.0_261\jre\lib\resources.jar;C:\Program Files\Java\jdk1.8.0_261\jre\lib\rt.jar;C:\Users\legion\Documents\Municipalite\target\classes;C:\Users\legion\.m2\repository\org\hibernate\hibernate-core\5.4.29.Final\hibernate-core-5.4.29.Final.jar;C:\Users\legion\.m2\repository\org\jboss\logging\jboss-logging\3.4.1.Final\jboss-logging-3.4.1.Final.jar;C:\Users\legion\.m2\repository\javax\persistence\javax.persistence-api\2.2\javax.persistence-api-2.2.jar;C:\Users\legion\.m2\repository\org\javassist\javassist\3.27.0-GA\javassist-3.27.0-GA.jar;C:\Users\legion\.m2\repository\net\bytebuddy\byte-buddy\1.10.21\byte-buddy-1.10.21.jar;C:\Users\legion\.m2\repository\antlr\antlr\2.7.7\antlr-2.7.7.jar;C:\Users\legion\.m2\repository\org\jbos
Launcher Type: SUN_STANDARD

Environment Variables:
PATH=C:\Python39\Scripts\;C:\Python39\;C:\oraclexe\app\oracle\product\11.2.0\server\bin;C:\Program Files (x86)\Common Files\Oracle\Java\javapath;C:\Windows\system32;C:\Windows;C:\Windows\System32\Wbem;C:\Windows\System32\WindowsPowerShell\v1.0\;C:\Windows\System32\OpenSSH\;C:\Program Files (x86)\NVIDIA Corporation\PhysX\Common;C:\WINDOWS\system32;C:\WINDOWS;C:\WINDOWS\System32\Wbem;C:\WINDOWS\System32\WindowsPowerShell\v1.0\;C:\WINDOWS\System32\OpenSSH\;C:\win_flex_bison3-latest;C:\Program Files (x86)\Dev-Cpp\MinGW64\bin;C:\Program Files\swipl\bin;C:\ProgramData\chocolatey\bin;C:\Program Files\nodejs\;C:\Program Files\Java\jdk1.8.0_281\bin;C:\Program Files\Git\cmd;C:\Users\legion\AppData\Local\Microsoft\WindowsApps;C:\Users\legion\AppData\Local\Programs\Microsoft VS Code\bin;C:\Users\legion\AppData\Local\GitHubDesktop\bin;C:\Users\legion\AppData\Roaming\npm;C:\Program Files\apache-maven-3.6.3-bin\apache-maven-3.6.3\bin;
USERNAME=legion
OS=Windows_NT
PROCESSOR_IDENTIFIER=Intel64 Family 6 Model 158 Stepping 10, GenuineIntel



---------------  S Y S T E M  ---------------

OS: Windows 10.0 , 64 bit Build 19041 (10.0.19041.804)

CPU:total 12 (initial active 12) (6 cores per cpu, 2 threads per core) family 6 model 158 stepping 10, cmov, cx8, fxsr, mmx, sse, sse2, sse3, ssse3, sse4.1, sse4.2, popcnt, avx, avx2, aes, clmul, erms, 3dnowpref, lzcnt, ht, tsc, tscinvbit, bmi1, bmi2, adx

Memory: 4k page, physical 16647380k(10453176k free), swap 19137748k(8175848k free)

vm_info: Java HotSpot(TM) 64-Bit Server VM (25.261-b12) for windows-amd64 JRE (1.8.0_261-b12), built on Jun 18 2020 06:56:32 by "" with unknown MS VC++:1916

time: Sat Apr 17 19:35:01 2021
timezone: W. Europe Standard Time
elapsed time: 3 seconds (0d 0h 0m 3s)

